Determining if the pthread_create exist failed with the following output:
Change Dir: /opt/raytracer/2/programmiersprachen-raytracer/source/CMakeFiles/CMakeTmp

Run Build Command:/usr/bin/make "cmTryCompileExec1750366939/fast"
/usr/bin/make -f CMakeFiles/cmTryCompileExec1750366939.dir/build.make CMakeFiles/cmTryCompileExec1750366939.dir/build
make[1]: Entering directory `/opt/raytracer/2/programmiersprachen-raytracer/source/CMakeFiles/CMakeTmp'
/usr/bin/cmake -E cmake_progress_report /opt/raytracer/2/programmiersprachen-raytracer/source/CMakeFiles/CMakeTmp/CMakeFiles 1
Building C object CMakeFiles/cmTryCompileExec1750366939.dir/CheckSymbolExists.c.o
/usr/bin/cc    -o CMakeFiles/cmTryCompileExec1750366939.dir/CheckSymbolExists.c.o   -c /opt/raytracer/2/programmiersprachen-raytracer/source/CMakeFiles/CMakeTmp/CheckSymbolExists.c
Linking C executable cmTryCompileExec1750366939
/usr/bin/cmake -E cmake_link_script CMakeFiles/cmTryCompileExec1750366939.dir/link.txt --verbose=1
/usr/bin/cc       CMakeFiles/cmTryCompileExec1750366939.dir/CheckSymbolExists.c.o  -o cmTryCompileExec1750366939 -rdynamic 
CMakeFiles/cmTryCompileExec1750366939.dir/CheckSymbolExists.c.o: In function `main':
CheckSymbolExists.c:(.text+0x16): undefined reference to `pthread_create'
collect2: error: ld returned 1 exit status
make[1]: Leaving directory `/opt/raytracer/2/programmiersprachen-raytracer/source/CMakeFiles/CMakeTmp'
make[1]: *** [cmTryCompileExec1750366939] Error 1
make: *** [cmTryCompileExec1750366939/fast] Error 2

File /opt/raytracer/2/programmiersprachen-raytracer/source/CMakeFiles/CMakeTmp/CheckSymbolExists.c:
/* */
#include <pthread.h>

int main(int argc, char** argv)
{
  (void)argv;
#ifndef pthread_create
  return ((int*)(&pthread_create))[argc];
#else
  (void)argc;
  return 0;
#endif
}

Determining if the function pthread_create exists in the pthreads failed with the following output:
Change Dir: /opt/raytracer/2/programmiersprachen-raytracer/source/CMakeFiles/CMakeTmp

Run Build Command:/usr/bin/make "cmTryCompileExec2302435655/fast"
/usr/bin/make -f CMakeFiles/cmTryCompileExec2302435655.dir/build.make CMakeFiles/cmTryCompileExec2302435655.dir/build
make[1]: Entering directory `/opt/raytracer/2/programmiersprachen-raytracer/source/CMakeFiles/CMakeTmp'
/usr/bin/cmake -E cmake_progress_report /opt/raytracer/2/programmiersprachen-raytracer/source/CMakeFiles/CMakeTmp/CMakeFiles 1
Building C object CMakeFiles/cmTryCompileExec2302435655.dir/CheckFunctionExists.c.o
/usr/bin/cc   -DCHECK_FUNCTION_EXISTS=pthread_create   -o CMakeFiles/cmTryCompileExec2302435655.dir/CheckFunctionExists.c.o   -c /usr/share/cmake-2.8/Modules/CheckFunctionExists.c
Linking C executable cmTryCompileExec2302435655
/usr/bin/cmake -E cmake_link_script CMakeFiles/cmTryCompileExec2302435655.dir/link.txt --verbose=1
/usr/bin/cc   -DCHECK_FUNCTION_EXISTS=pthread_create    CMakeFiles/cmTryCompileExec2302435655.dir/CheckFunctionExists.c.o  -o cmTryCompileExec2302435655 -rdynamic -lpthreads 
/usr/bin/ld: cannot find -lpthreads
collect2: error: ld returned 1 exit status
make[1]: Leaving directory `/opt/raytracer/2/programmiersprachen-raytracer/source/CMakeFiles/CMakeTmp'
make[1]: *** [cmTryCompileExec2302435655] Error 1
make: *** [cmTryCompileExec2302435655/fast] Error 2


Determining if the function glXGetProcAddressEXT exists failed with the following output:
Change Dir: /opt/raytracer/2/programmiersprachen-raytracer/source/CMakeFiles/CMakeTmp

Run Build Command:/usr/bin/make "cmTryCompileExec3557599222/fast"
/usr/bin/make -f CMakeFiles/cmTryCompileExec3557599222.dir/build.make CMakeFiles/cmTryCompileExec3557599222.dir/build
make[1]: Entering directory `/opt/raytracer/2/programmiersprachen-raytracer/source/CMakeFiles/CMakeTmp'
/usr/bin/cmake -E cmake_progress_report /opt/raytracer/2/programmiersprachen-raytracer/source/CMakeFiles/CMakeTmp/CMakeFiles 1
Building C object CMakeFiles/cmTryCompileExec3557599222.dir/CheckFunctionExists.c.o
/usr/bin/cc   -DCHECK_FUNCTION_EXISTS=glXGetProcAddressEXT   -o CMakeFiles/cmTryCompileExec3557599222.dir/CheckFunctionExists.c.o   -c /usr/share/cmake-2.8/Modules/CheckFunctionExists.c
Linking C executable cmTryCompileExec3557599222
/usr/bin/cmake -E cmake_link_script CMakeFiles/cmTryCompileExec3557599222.dir/link.txt --verbose=1
/usr/bin/cc   -DCHECK_FUNCTION_EXISTS=glXGetProcAddressEXT    CMakeFiles/cmTryCompileExec3557599222.dir/CheckFunctionExists.c.o  -o cmTryCompileExec3557599222 -rdynamic -lGL 
CMakeFiles/cmTryCompileExec3557599222.dir/CheckFunctionExists.c.o: In function `main':
CheckFunctionExists.c:(.text+0x15): undefined reference to `glXGetProcAddressEXT'
collect2: error: ld returned 1 exit status
make[1]: Leaving directory `/opt/raytracer/2/programmiersprachen-raytracer/source/CMakeFiles/CMakeTmp'
make[1]: *** [cmTryCompileExec3557599222] Error 1
make: *** [cmTryCompileExec3557599222/fast] Error 2


